<?xml version="1.0" encoding="UTF-8"?>
<testng-results ignored="0" total="2" passed="1" failed="1" skipped="0">
  <reporter-output>
  </reporter-output>
  <suite started-at="2021-02-08T09:47:45Z" name="Default suite" finished-at="2021-02-08T09:48:25Z" duration-ms="40227">
    <groups>
    </groups>
    <test started-at="2021-02-08T09:47:45Z" name="Default test" finished-at="2021-02-08T09:48:25Z" duration-ms="40227">
      <class name="com.extentreports4.NopCommerceTest">
        <test-method is-config="true" signature="setUp()[pri:0, instance:com.extentreports4.NopCommerceTest@78dd667e]" started-at="2021-02-08T09:47:45Z" name="setUp" finished-at="2021-02-08T09:47:46Z" duration-ms="323" status="PASS">
          <reporter-output>
          </reporter-output>
        </test-method> <!-- setUp -->
        <test-method is-config="true" signature="configuration()[pri:0, instance:com.extentreports4.NopCommerceTest@78dd667e]" started-at="2021-02-08T09:47:46Z" name="configuration" finished-at="2021-02-08T09:48:03Z" duration-ms="17470" status="PASS">
          <reporter-output>
          </reporter-output>
        </test-method> <!-- configuration -->
        <test-method signature="getLogo()[pri:0, instance:com.extentreports4.NopCommerceTest@78dd667e]" started-at="2021-02-08T09:48:03Z" name="getLogo" finished-at="2021-02-08T09:48:03Z" duration-ms="180" status="FAIL">
          <exception class="java.lang.AssertionError">
            <message>
              <![CDATA[expected [false] but found [true]]]>
            </message>
            <full-stacktrace>
              <![CDATA[java.lang.AssertionError: expected [false] but found [true]
at org.testng.Assert.fail(Assert.java:96)
at org.testng.Assert.failNotEquals(Assert.java:776)
at org.testng.Assert.assertFalse(Assert.java:65)
at org.testng.Assert.assertFalse(Assert.java:75)
at com.extentreports4.NopCommerceTest.getLogo(NopCommerceTest.java:84)
at java.base/jdk.internal.reflect.NativeMethodAccessorImpl.invoke0(Native Method)
at java.base/jdk.internal.reflect.NativeMethodAccessorImpl.invoke(NativeMethodAccessorImpl.java:62)
at java.base/jdk.internal.reflect.DelegatingMethodAccessorImpl.invoke(DelegatingMethodAccessorImpl.java:43)
at java.base/java.lang.reflect.Method.invoke(Method.java:567)
at org.testng.internal.MethodInvocationHelper.invokeMethod(MethodInvocationHelper.java:124)
at org.testng.internal.Invoker.invokeMethod(Invoker.java:583)
at org.testng.internal.Invoker.invokeTestMethod(Invoker.java:719)
at org.testng.internal.Invoker.invokeTestMethods(Invoker.java:989)
at org.testng.internal.TestMethodWorker.invokeTestMethods(TestMethodWorker.java:125)
at org.testng.internal.TestMethodWorker.run(TestMethodWorker.java:109)
at org.testng.TestRunner.privateRun(TestRunner.java:648)
at org.testng.TestRunner.run(TestRunner.java:505)
at org.testng.SuiteRunner.runTest(SuiteRunner.java:455)
at org.testng.SuiteRunner.runSequentially(SuiteRunner.java:450)
at org.testng.SuiteRunner.privateRun(SuiteRunner.java:415)
at org.testng.SuiteRunner.run(SuiteRunner.java:364)
at org.testng.SuiteRunnerWorker.runSuite(SuiteRunnerWorker.java:52)
at org.testng.SuiteRunnerWorker.run(SuiteRunnerWorker.java:84)
at org.testng.TestNG.runSuitesSequentially(TestNG.java:1208)
at org.testng.TestNG.runSuitesLocally(TestNG.java:1137)
at org.testng.TestNG.runSuites(TestNG.java:1049)
at org.testng.TestNG.run(TestNG.java:1017)
at org.testng.remote.AbstractRemoteTestNG.run(AbstractRemoteTestNG.java:115)
at org.testng.remote.RemoteTestNG.initAndRun(RemoteTestNG.java:251)
at org.testng.remote.RemoteTestNG.main(RemoteTestNG.java:77)
]]>
            </full-stacktrace>
          </exception> <!-- java.lang.AssertionError -->
          <reporter-output>
          </reporter-output>
        </test-method> <!-- getLogo -->
        <test-method is-config="true" signature="reportingResults(org.testng.ITestResult)[pri:0, instance:com.extentreports4.NopCommerceTest@78dd667e]" started-at="2021-02-08T09:48:03Z" name="reportingResults" finished-at="2021-02-08T09:48:05Z" duration-ms="1898" status="PASS">
          <params>
            <param index="0">
              <value>
                <![CDATA[[TestResult name=getLogo status=FAILURE method=NopCommerceTest.getLogo()[pri:0, instance:com.extentreports4.NopCommerceTest@78dd667e] output={null}]]]>
              </value>
            </param>
          </params>
          <reporter-output>
          </reporter-output>
        </test-method> <!-- reportingResults -->
        <test-method is-config="true" signature="configuration()[pri:0, instance:com.extentreports4.NopCommerceTest@78dd667e]" started-at="2021-02-08T09:48:05Z" name="configuration" finished-at="2021-02-08T09:48:24Z" duration-ms="18774" status="PASS">
          <reporter-output>
          </reporter-output>
        </test-method> <!-- configuration -->
        <test-method signature="getNopCommerceTitle()[pri:0, instance:com.extentreports4.NopCommerceTest@78dd667e]" started-at="2021-02-08T09:48:24Z" name="getNopCommerceTitle" finished-at="2021-02-08T09:48:24Z" duration-ms="16" status="PASS">
          <reporter-output>
          </reporter-output>
        </test-method> <!-- getNopCommerceTitle -->
        <test-method is-config="true" signature="reportingResults(org.testng.ITestResult)[pri:0, instance:com.extentreports4.NopCommerceTest@78dd667e]" started-at="2021-02-08T09:48:24Z" name="reportingResults" finished-at="2021-02-08T09:48:25Z" duration-ms="899" status="PASS">
          <params>
            <param index="0">
              <value>
                <![CDATA[[TestResult name=getNopCommerceTitle status=SUCCESS method=NopCommerceTest.getNopCommerceTitle()[pri:0, instance:com.extentreports4.NopCommerceTest@78dd667e] output={null}]]]>
              </value>
            </param>
          </params>
          <reporter-output>
          </reporter-output>
        </test-method> <!-- reportingResults -->
        <test-method is-config="true" signature="tearDown()[pri:0, instance:com.extentreports4.NopCommerceTest@78dd667e]" started-at="2021-02-08T09:48:25Z" name="tearDown" finished-at="2021-02-08T09:48:25Z" duration-ms="618" status="PASS">
          <reporter-output>
          </reporter-output>
        </test-method> <!-- tearDown -->
      </class> <!-- com.extentreports4.NopCommerceTest -->
    </test> <!-- Default test -->
  </suite> <!-- Default suite -->
</testng-results>
